Using pre-set license
Built from '2020.3/staging' branch; Version is '2020.3.5f1 (8095aa901b9b) revision 8426922'; Using compiler version '192528614'; Build Type 'Release'
OS: 'Windows 10 Education; OS build 19044.1288; Version 2009; 64bit' Language: 'en' Physical Memory: 32726 MB
BatchMode: 1, IsHumanControllingUs: 0, StartBugReporterOnCrash: 0, Is64bit: 1, IsPro: 0

 COMMAND LINE ARGUMENTS:
C:\Program Files\Unity\Hub\Editor\2020.3.5f1\Editor\Unity.exe
-adb2
-batchMode
-noUpm
-name
AssetImportWorker0
-projectPath
C:/Users/s213873/GitRepos/PortfolioTwoUp/Portfolio
-logFile
Logs/AssetImportWorker0.log
-srvPort
59170
Successfully changed project path to: C:/Users/s213873/GitRepos/PortfolioTwoUp/Portfolio
C:/Users/s213873/GitRepos/PortfolioTwoUp/Portfolio
Using Asset Import Pipeline V2.
Refreshing native plugins compatible for Editor in 31.11 ms, found 0 plugins.
Preloading 0 native plugins for Editor in 0.00 ms.
Initialize engine version: 2020.3.5f1 (8095aa901b9b)
[Subsystems] Discovering subsystems at path C:/Program Files/Unity/Hub/Editor/2020.3.5f1/Editor/Data/Resources/UnitySubsystems
[Subsystems] Discovering subsystems at path C:/Users/s213873/GitRepos/PortfolioTwoUp/Portfolio/Assets
GfxDevice: creating device client; threaded=0
Direct3D:
    Version:  Direct3D 11.0 [level 11.1]
    Renderer: NVIDIA GeForce GTX 1060 6GB (ID=0x1c03)
    Vendor:   
    VRAM:     6052 MB
    Driver:   30.0.14.9676
Initialize mono
Mono path[0] = 'C:/Program Files/Unity/Hub/Editor/2020.3.5f1/Editor/Data/Managed'
Mono path[1] = 'C:/Program Files/Unity/Hub/Editor/2020.3.5f1/Editor/Data/MonoBleedingEdge/lib/mono/unityjit'
Mono config path = 'C:/Program Files/Unity/Hub/Editor/2020.3.5f1/Editor/Data/MonoBleedingEdge/etc'
Using monoOptions --debugger-agent=transport=dt_socket,embedding=1,server=y,suspend=n,address=127.0.0.1:56504
Begin MonoManager ReloadAssembly
Registering precompiled unity dll's ...
Register platform support module: C:/Program Files/Unity/Hub/Editor/2020.3.5f1/Editor/Data/PlaybackEngines/WebGLSupport/UnityEditor.WebGL.Extensions.dll
Register platform support module: C:/Program Files/Unity/Hub/Editor/2020.3.5f1/Editor/Data/PlaybackEngines/WindowsStandaloneSupport/UnityEditor.WindowsStandalone.Extensions.dll
Registered in 0.002205 seconds.
Native extension for WindowsStandalone target not found
Native extension for WebGL target not found
Refreshing native plugins compatible for Editor in 29.28 ms, found 0 plugins.
Preloading 0 native plugins for Editor in 0.00 ms.
Mono: successfully reloaded assembly
- Completed reload, in  2.216 seconds
Platform modules already initialized, skipping
Registering precompiled user dll's ...
Registered in 0.000759 seconds.
Begin MonoManager ReloadAssembly
Native extension for WindowsStandalone target not found
Native extension for WebGL target not found
Refreshing native plugins compatible for Editor in 0.44 ms, found 0 plugins.
Preloading 0 native plugins for Editor in 0.00 ms.
Mono: successfully reloaded assembly
- Completed reload, in  1.001 seconds
Platform modules already initialized, skipping
========================================================================
Worker process is ready to serve import requests
Launched and connected shader compiler UnityShaderCompiler.exe after 0.04 seconds
Refreshing native plugins compatible for Editor in 0.39 ms, found 0 plugins.
Preloading 0 native plugins for Editor in 0.00 ms.
Unloading 1476 Unused Serialized files (Serialized files now loaded: 0)
System memory in use before: 72.4 MB.
System memory in use after: 72.3 MB.

Unloading 11 unused Assets to reduce memory usage. Loaded Objects now: 1920.
Total: 5.018800 ms (FindLiveObjects: 0.362800 ms CreateObjectMapping: 0.196200 ms MarkObjects: 4.292000 ms  DeleteObjects: 0.166200 ms)

========================================================================
Received Import Request.
  path: Assets/Sound/sfx_coin-drop-and-spin.wav
  artifactKey: Guid(c2b15d6f69897a54ab9efe731560bbb6) Importer(815301076,1909f56bfc062723c751e8b465ee728b)
Start importing Assets/Sound/sfx_coin-drop-and-spin.wav using Guid(c2b15d6f69897a54ab9efe731560bbb6) Importer(815301076,1909f56bfc062723c751e8b465ee728b)  -> (artifact id: '353b8ea5464fbf8559069d2f4b2e766c') in 0.159230 seconds
  Import took 0.161837 seconds .

========================================================================
Received Import Request.
  Time since last request: 0.000211 seconds.
  path: Assets/Sound/sfx_coin-hardbounce.wav
  artifactKey: Guid(65be4484eeed6124da20cee98e06ccd4) Importer(815301076,1909f56bfc062723c751e8b465ee728b)
Start importing Assets/Sound/sfx_coin-hardbounce.wav using Guid(65be4484eeed6124da20cee98e06ccd4) Importer(815301076,1909f56bfc062723c751e8b465ee728b)  -> (artifact id: '812fc57b3336768e4a73af63690e4351') in 0.016225 seconds
  Import took 0.018305 seconds .

========================================================================
Received Import Request.
  Time since last request: 0.000367 seconds.
  path: Assets/Sound
  artifactKey: Guid(57b1fd125ca147b4d97a8d8fb44c5897) Importer(815301076,1909f56bfc062723c751e8b465ee728b)
Start importing Assets/Sound using Guid(57b1fd125ca147b4d97a8d8fb44c5897) Importer(815301076,1909f56bfc062723c751e8b465ee728b)  -> (artifact id: 'd38a18d31ab5c95e166931d36649572a') in 0.006671 seconds
  Import took 0.009104 seconds .

========================================================================
Received Import Request.
  Time since last request: 0.000169 seconds.
  path: Assets/Sound/sfx_coin-dullbounce.wav
  artifactKey: Guid(833a602950eb6af4c8879db602eb975d) Importer(815301076,1909f56bfc062723c751e8b465ee728b)
Start importing Assets/Sound/sfx_coin-dullbounce.wav using Guid(833a602950eb6af4c8879db602eb975d) Importer(815301076,1909f56bfc062723c751e8b465ee728b)  -> (artifact id: '9e0576156a7b65380786aaa4d89d95ec') in 0.012788 seconds
  Import took 0.015782 seconds .

========================================================================
Received Import Request.
  Time since last request: 0.000192 seconds.
  path: Assets/Sound/sfx_coin-bounce-and-fall.wav
  artifactKey: Guid(74179d1abd7712a46855ef24ce0f2bf4) Importer(815301076,1909f56bfc062723c751e8b465ee728b)
Start importing Assets/Sound/sfx_coin-bounce-and-fall.wav using Guid(74179d1abd7712a46855ef24ce0f2bf4) Importer(815301076,1909f56bfc062723c751e8b465ee728b)  -> (artifact id: 'a750966f569f9cab633579c587a2b2c7') in 0.012575 seconds
  Import took 0.015636 seconds .

========================================================================
Received Import Request.
  Time since last request: 0.000211 seconds.
  path: Assets/Sound/sfx_cointoss.wav
  artifactKey: Guid(b00cb66239329d34dbcee2f899c077ea) Importer(815301076,1909f56bfc062723c751e8b465ee728b)
Start importing Assets/Sound/sfx_cointoss.wav using Guid(b00cb66239329d34dbcee2f899c077ea) Importer(815301076,1909f56bfc062723c751e8b465ee728b)  -> (artifact id: 'a3e7da971632e60e79727bb62c2b9d15') in 0.013049 seconds
  Import took 0.016270 seconds .

========================================================================
Received Import Request.
  Time since last request: 0.000151 seconds.
  path: Assets/Sound/sfx_coin-insert.wav
  artifactKey: Guid(df967241295b6244395cf72e7eab85c7) Importer(815301076,1909f56bfc062723c751e8b465ee728b)
Start importing Assets/Sound/sfx_coin-insert.wav using Guid(df967241295b6244395cf72e7eab85c7) Importer(815301076,1909f56bfc062723c751e8b465ee728b)  -> (artifact id: '0e544dc63a5f031a19afb69fa66a7103') in 0.015578 seconds
  Import took 0.019085 seconds .

========================================================================
Received Import Request.
  Time since last request: 0.000174 seconds.
  path: Assets/Sound/sfx_coin-on-coin.wav
  artifactKey: Guid(e7607819c4a3a58448b91ea58a3640d5) Importer(815301076,1909f56bfc062723c751e8b465ee728b)
Start importing Assets/Sound/sfx_coin-on-coin.wav using Guid(e7607819c4a3a58448b91ea58a3640d5) Importer(815301076,1909f56bfc062723c751e8b465ee728b)  -> (artifact id: '44e409c97e1408f253fd45ef8db72761') in 0.024612 seconds
  Import took 0.028353 seconds .

========================================================================
Received Import Request.
  Time since last request: 0.000193 seconds.
  path: Assets/Sound/sfx_coin-insert-and-drop.wav
  artifactKey: Guid(904ac79419e94824299bfdb51d69afe8) Importer(815301076,1909f56bfc062723c751e8b465ee728b)
Start importing Assets/Sound/sfx_coin-insert-and-drop.wav using Guid(904ac79419e94824299bfdb51d69afe8) Importer(815301076,1909f56bfc062723c751e8b465ee728b)  -> (artifact id: 'e74b697d72e2ad346b777602926861b3') in 0.010608 seconds
  Import took 0.013354 seconds .

========================================================================
Received Import Request.
  Time since last request: 0.000205 seconds.
  path: Assets/Sound/sfx_coin-lightbounce.wav
  artifactKey: Guid(87a0fe8b069d1e84380076f527425fe7) Importer(815301076,1909f56bfc062723c751e8b465ee728b)
Start importing Assets/Sound/sfx_coin-lightbounce.wav using Guid(87a0fe8b069d1e84380076f527425fe7) Importer(815301076,1909f56bfc062723c751e8b465ee728b)  -> (artifact id: '039ea3c9e4f3771801c82809ade89697') in 0.009542 seconds
  Import took 0.011756 seconds .

========================================================================
Received Import Request.
  Time since last request: 0.000168 seconds.
  path: Assets/Sound/sfx_coin-sharpbounce.wav
  artifactKey: Guid(40ec8341a05a02948bf618648b07e73a) Importer(815301076,1909f56bfc062723c751e8b465ee728b)
Start importing Assets/Sound/sfx_coin-sharpbounce.wav using Guid(40ec8341a05a02948bf618648b07e73a) Importer(815301076,1909f56bfc062723c751e8b465ee728b)  -> (artifact id: '69221acf2dea716537b4e9e981ee348d') in 0.012246 seconds
  Import took 0.015000 seconds .

